Using pre-set license
Built from '2020.3/china_unity/release' branch; Version is '2020.3.36f1c1 (f1b5774ca487) revision 15840631'; Using compiler version '192528614'; Build Type 'Release'
OS: 'Windows 11  (10.0.25284) 64bit CoreCountrySpecific' Language: 'zh' Physical Memory: 15773 MB
BatchMode: 1, IsHumanControllingUs: 0, StartBugReporterOnCrash: 0, Is64bit: 1, IsPro: 0

COMMAND LINE ARGUMENTS:
E:\Unity\2020.3.36f1c1\Editor\Unity.exe
-adb2
-batchMode
-noUpm
-name
AssetImportWorker0
-projectPath
E:/Nova-master
-logFile
Logs/AssetImportWorker0.log
-srvPort
3465
Successfully changed project path to: E:/Nova-master
E:/Nova-master
Using Asset Import Pipeline V2.
AS: AutoStreaming module initializing.Refreshing native plugins compatible for Editor in 42.72 ms, found 1 plugins.
Preloading 0 native plugins for Editor in 0.00 ms.
Initialize engine version: 2020.3.36f1c1 (f1b5774ca487)
[Subsystems] Discovering subsystems at path E:/Unity/2020.3.36f1c1/Editor/Data/Resources/UnitySubsystems
[Subsystems] Discovering subsystems at path E:/Nova-master/Assets
GfxDevice: creating device client; threaded=0
Direct3D:
    Version:  Direct3D 11.0 [level 11.1]
    Renderer: NVIDIA GeForce RTX 3050 Ti Laptop GPU (ID=0x25a0)
    Vendor:   
    VRAM:     3976 MB
    Driver:   31.0.15.2802
Initialize mono
Mono path[0] = 'E:/Unity/2020.3.36f1c1/Editor/Data/Managed'
Mono path[1] = 'E:/Unity/2020.3.36f1c1/Editor/Data/MonoBleedingEdge/lib/mono/unityjit'
Mono config path = 'E:/Unity/2020.3.36f1c1/Editor/Data/MonoBleedingEdge/etc'
Using monoOptions --debugger-agent=transport=dt_socket,embedding=1,server=y,suspend=n,address=127.0.0.1:56900
Begin MonoManager ReloadAssembly
Registering precompiled unity dll's ...
Register platform support module: E:/Unity/2020.3.36f1c1/Editor/Data/PlaybackEngines/WindowsStandaloneSupport/UnityEditor.WindowsStandalone.Extensions.dll
Registered in 0.000902 seconds.
Native extension for WindowsStandalone target not found
Refreshing native plugins compatible for Editor in 41.60 ms, found 1 plugins.
Preloading 0 native plugins for Editor in 0.00 ms.
Mono: successfully reloaded assembly
- Completed reload, in  0.431 seconds
Domain Reload Profiling:
	ReloadAssembly (431ms)
		BeginReloadAssembly (46ms)
			ExecutionOrderSort (0ms)
			DisableScriptedObjects (0ms)
			BackupInstance (0ms)
			ReleaseScriptingObjects (0ms)
			CreateAndSetChildDomain (1ms)
		EndReloadAssembly (332ms)
			LoadAssemblies (45ms)
			RebuildTransferFunctionScriptingTraits (0ms)
			SetupTypeCache (103ms)
			ReleaseScriptCaches (0ms)
			RebuildScriptCaches (20ms)
			SetupLoadedEditorAssemblies (138ms)
				LogAssemblyErrors (0ms)
				InitializePlatformSupportModulesInManaged (3ms)
				SetLoadedEditorAssemblies (0ms)
				RefreshPlugins (42ms)
				BeforeProcessingInitializeOnLoad (7ms)
				ProcessInitializeOnLoadAttributes (64ms)
				ProcessInitializeOnLoadMethodAttributes (21ms)
				AfterProcessingInitializeOnLoad (0ms)
				EditorAssembliesLoaded (0ms)
			ExecutionOrderSort2 (0ms)
			AwakeInstancesAfterBackupRestoration (0ms)
Platform modules already initialized, skipping
Registering precompiled user dll's ...
Registered in 0.001853 seconds.
Begin MonoManager ReloadAssembly
Native extension for WindowsStandalone target not found
Refreshing native plugins compatible for Editor in 45.32 ms, found 1 plugins.
Preloading 0 native plugins for Editor in 0.00 ms.
Mono: successfully reloaded assembly
- Completed reload, in  0.929 seconds
Domain Reload Profiling:
	ReloadAssembly (930ms)
		BeginReloadAssembly (106ms)
			ExecutionOrderSort (0ms)
			DisableScriptedObjects (4ms)
			BackupInstance (0ms)
			ReleaseScriptingObjects (0ms)
			CreateAndSetChildDomain (17ms)
		EndReloadAssembly (783ms)
			LoadAssemblies (70ms)
			RebuildTransferFunctionScriptingTraits (0ms)
			SetupTypeCache (189ms)
			ReleaseScriptCaches (1ms)
			RebuildScriptCaches (39ms)
			SetupLoadedEditorAssemblies (412ms)
				LogAssemblyErrors (0ms)
				InitializePlatformSupportModulesInManaged (3ms)
				SetLoadedEditorAssemblies (0ms)
				RefreshPlugins (45ms)
				BeforeProcessingInitializeOnLoad (48ms)
				ProcessInitializeOnLoadAttributes (305ms)
				ProcessInitializeOnLoadMethodAttributes (9ms)
				AfterProcessingInitializeOnLoad (1ms)
				EditorAssembliesLoaded (0ms)
			ExecutionOrderSort2 (0ms)
			AwakeInstancesAfterBackupRestoration (0ms)
Platform modules already initialized, skipping
========================================================================
Worker process is ready to serve import requests
Launched and connected shader compiler UnityShaderCompiler.exe after 0.10 seconds
Refreshing native plugins compatible for Editor in 0.64 ms, found 1 plugins.
Preloading 0 native plugins for Editor in 0.00 ms.
Unloading 3214 Unused Serialized files (Serialized files now loaded: 0)
System memory in use before: 160.4 MB.
System memory in use after: 160.6 MB.

Unloading 23 unused Assets to reduce memory usage. Loaded Objects now: 3646.
Total: 2.828300 ms (FindLiveObjects: 0.271600 ms CreateObjectMapping: 0.101300 ms MarkObjects: 2.373000 ms  DeleteObjects: 0.081600 ms)

AssetImportParameters requested are different than current active one (requested -> active):
  custom:framework-win-MediaFoundation: 216162199b28c13a410421893ffa2e32 -> 
  custom:video-decoder-ogg-theora: a1e56fd34408186e4bbccfd4996cb3dc -> 
  custom:container-muxer-webm: aa71ff27fc2769a1b78a27578f13a17b -> 
  custom:container-demuxer-webm: 4f35f7cbe854078d1ac9338744f61a02 -> 
  custom:container-demuxer-ogg: 62fdf1f143b41e24485cea50d1cbac27 -> 
  custom:video-encoder-webm-vp8: eb34c28f22e8b96e1ab97ce403110664 -> 
  custom:video-codec-MediaFoundation-h265: 746d11721c4dcdbdad8f713fa42b33f4 -> 
  custom:video-decoder-webm-vp8: 9c59270c3fd7afecdb556c50c9e8de78 -> 
  custom:audio-decoder-ogg-vorbis: bf7c407c2cedff20999df2af8eb42d56 -> 
  custom:audio-encoder-webm-vorbis: bf7c407c2cedff20999df2af8eb42d56 -> 
========================================================================
Received Import Request.
  path: Assets/CGUncropped
  artifactKey: Guid(7a36dfe65c5db154aa4d6dd2a88cf4b4) Importer(815301076,1909f56bfc062723c751e8b465ee728b)
Start importing Assets/CGUncropped using Guid(7a36dfe65c5db154aa4d6dd2a88cf4b4) Importer(815301076,1909f56bfc062723c751e8b465ee728b)  -> (artifact id: '15d2df6f5b4db09f50eabb3ea54cd96f') in 0.008689 seconds 
========================================================================
Received Import Request.
  Time since last request: 7.128791 seconds.
  path: Assets/CGUncropped/rain
  artifactKey: Guid(1b35a9a017df9fc4780839d10c0bcc3c) Importer(815301076,1909f56bfc062723c751e8b465ee728b)
Start importing Assets/CGUncropped/rain using Guid(1b35a9a017df9fc4780839d10c0bcc3c) Importer(815301076,1909f56bfc062723c751e8b465ee728b)  -> (artifact id: 'a4c31dae9eb7b1d753261b08db962c61') in 0.004705 seconds 
========================================================================
Received Import Request.
  Time since last request: 0.060084 seconds.
  path: Assets/CGUncropped/rain/rain_back.png
  artifactKey: Guid(6b3599c64e3e4f44e80b99fa620a5cf5) Importer(815301076,1909f56bfc062723c751e8b465ee728b)
Start importing Assets/CGUncropped/rain/rain_back.png using Guid(6b3599c64e3e4f44e80b99fa620a5cf5) Importer(815301076,1909f56bfc062723c751e8b465ee728b)  -> (artifact id: '615498974cf06b9c459a41cdec5aceb6') in 0.084329 seconds 
========================================================================
Received Import Request.
  Time since last request: 0.000233 seconds.
  path: Assets/CGUncropped/rain/rain_text.png
  artifactKey: Guid(8d1562425b76e1e4aacbeb0988152661) Importer(815301076,1909f56bfc062723c751e8b465ee728b)
Start importing Assets/CGUncropped/rain/rain_text.png using Guid(8d1562425b76e1e4aacbeb0988152661) Importer(815301076,1909f56bfc062723c751e8b465ee728b)  -> (artifact id: 'a0348b17f592aa17cd2d88eb6c7667d4') in 0.015940 seconds 
========================================================================
Received Import Request.
  Time since last request: 0.000288 seconds.
  path: Assets/CGUncropped/rain/UncroppedSprites.prefab
  artifactKey: Guid(baef66b188655d741927b58f01047d8b) Importer(815301076,1909f56bfc062723c751e8b465ee728b)
Start importing Assets/CGUncropped/rain/UncroppedSprites.prefab using Guid(baef66b188655d741927b58f01047d8b) Importer(815301076,1909f56bfc062723c751e8b465ee728b)  -> (artifact id: '25cb4c42b666b338886ba655b41549e8') in 0.138968 seconds 
========================================================================
Received Import Request.
  Time since last request: 0.000199 seconds.
  path: Assets/CGUncropped/rain/rain_text_en.png
  artifactKey: Guid(bd5e65c9c04b89b46b921f9cd0ff0e05) Importer(815301076,1909f56bfc062723c751e8b465ee728b)
Start importing Assets/CGUncropped/rain/rain_text_en.png using Guid(bd5e65c9c04b89b46b921f9cd0ff0e05) Importer(815301076,1909f56bfc062723c751e8b465ee728b)  -> (artifact id: 'fe737f54a36e61b8b8fd11531b7183c2') in 0.015917 seconds 
========================================================================
Received Import Request.
  Time since last request: 15.489309 seconds.
  path: Assets/Nova
  artifactKey: Guid(08483ebadbdf04a16855d2cb642141d5) Importer(815301076,1909f56bfc062723c751e8b465ee728b)
Start importing Assets/Nova using Guid(08483ebadbdf04a16855d2cb642141d5) Importer(815301076,1909f56bfc062723c751e8b465ee728b)  -> (artifact id: '2335be0af70db899003ae26091c18c66') in 0.005030 seconds 
========================================================================
Received Import Request.
  Time since last request: 4.183697 seconds.
  path: Assets/Scenes
  artifactKey: Guid(a9850f6867c724450b4155a18b67f2d7) Importer(815301076,1909f56bfc062723c751e8b465ee728b)
Start importing Assets/Scenes using Guid(a9850f6867c724450b4155a18b67f2d7) Importer(815301076,1909f56bfc062723c751e8b465ee728b)  -> (artifact id: 'c8d3c13f23077f53e9c1849c8006ba45') in 0.005075 seconds 
========================================================================
Received Import Request.
  Time since last request: 0.709026 seconds.
  path: Assets/Scenes/Main.unity
  artifactKey: Guid(9e0f769bbb62d47738ecff73189c9143) Importer(815301076,1909f56bfc062723c751e8b465ee728b)
Start importing Assets/Scenes/Main.unity using Guid(9e0f769bbb62d47738ecff73189c9143) Importer(815301076,1909f56bfc062723c751e8b465ee728b)  -> (artifact id: 'ac47c36ffa1f5bf8815a7a99f0a5a104') in 0.004990 seconds 
========================================================================
Received Prepare
Registering precompiled user dll's ...
Registered in 0.001980 seconds.
Begin MonoManager ReloadAssembly
Native extension for WindowsStandalone target not found
Refreshing native plugins compatible for Editor in 0.83 ms, found 1 plugins.
Preloading 0 native plugins for Editor in 0.00 ms.
NovaForwardRenderer is missing RendererFeatures
This could be due to missing scripts or compile error.
UnityEngine.StackTraceUtility:ExtractStackTrace ()
UnityEngine.DebugLogHandler:LogFormat (UnityEngine.LogType,UnityEngine.Object,string,object[])
UnityEngine.Logger:Log (UnityEngine.LogType,object,UnityEngine.Object)
UnityEngine.Debug:LogError (object,UnityEngine.Object)
UnityEngine.Rendering.Universal.ScriptableRendererData:ValidateRendererFeatures () (at Library/PackageCache/com.unity.render-pipelines.universal@10.10.1/Runtime/ScriptableRendererData.cs:135)
UnityEngine.Rendering.Universal.ScriptableRendererData:OnValidate () (at Library/PackageCache/com.unity.render-pipelines.universal@10.10.1/Runtime/ScriptableRendererData.cs:59)

(Filename: Library/PackageCache/com.unity.render-pipelines.universal@10.10.1/Runtime/ScriptableRendererData.cs Line: 135)

Mono: successfully reloaded assembly
- Completed reload, in  0.966 seconds
Domain Reload Profiling:
	ReloadAssembly (966ms)
		BeginReloadAssembly (108ms)
			ExecutionOrderSort (0ms)
			DisableScriptedObjects (5ms)
			BackupInstance (0ms)
			ReleaseScriptingObjects (0ms)
			CreateAndSetChildDomain (35ms)
		EndReloadAssembly (815ms)
			LoadAssemblies (70ms)
			RebuildTransferFunctionScriptingTraits (0ms)
			SetupTypeCache (201ms)
			ReleaseScriptCaches (1ms)
			RebuildScriptCaches (34ms)
			SetupLoadedEditorAssemblies (395ms)
				LogAssemblyErrors (0ms)
				InitializePlatformSupportModulesInManaged (3ms)
				SetLoadedEditorAssemblies (1ms)
				RefreshPlugins (1ms)
				BeforeProcessingInitializeOnLoad (39ms)
				ProcessInitializeOnLoadAttributes (340ms)
				ProcessInitializeOnLoadMethodAttributes (10ms)
				AfterProcessingInitializeOnLoad (2ms)
				EditorAssembliesLoaded (0ms)
			ExecutionOrderSort2 (0ms)
			AwakeInstancesAfterBackupRestoration (15ms)
Platform modules already initialized, skipping
Refreshing native plugins compatible for Editor in 1.05 ms, found 1 plugins.
Preloading 0 native plugins for Editor in 0.00 ms.
Unloading 2961 Unused Serialized files (Serialized files now loaded: 0)
System memory in use before: 144.0 MB.
System memory in use after: 144.3 MB.

Unloading 19 unused Assets to reduce memory usage. Loaded Objects now: 3696.
Total: 4.772400 ms (FindLiveObjects: 0.516400 ms CreateObjectMapping: 0.138400 ms MarkObjects: 4.068300 ms  DeleteObjects: 0.047700 ms)

AssetImportParameters requested are different than current active one (requested -> active):
  custom:framework-win-MediaFoundation: 216162199b28c13a410421893ffa2e32 -> 
  custom:video-decoder-ogg-theora: a1e56fd34408186e4bbccfd4996cb3dc -> 
  custom:container-muxer-webm: aa71ff27fc2769a1b78a27578f13a17b -> 
  custom:container-demuxer-webm: 4f35f7cbe854078d1ac9338744f61a02 -> 
  custom:container-demuxer-ogg: 62fdf1f143b41e24485cea50d1cbac27 -> 
  custom:video-encoder-webm-vp8: eb34c28f22e8b96e1ab97ce403110664 -> 
  custom:video-codec-MediaFoundation-h265: 746d11721c4dcdbdad8f713fa42b33f4 -> 
  custom:video-decoder-webm-vp8: 9c59270c3fd7afecdb556c50c9e8de78 -> 
  custom:audio-decoder-ogg-vorbis: bf7c407c2cedff20999df2af8eb42d56 -> 
  custom:audio-encoder-webm-vorbis: bf7c407c2cedff20999df2af8eb42d56 -> 
========================================================================
Received Import Request.
  Time since last request: 1073.794478 seconds.
  path: Assets
  artifactKey: Guid(00000000000000001000000000000000) Importer(815301076,1909f56bfc062723c751e8b465ee728b)
Start importing Assets using Guid(00000000000000001000000000000000) Importer(815301076,1909f56bfc062723c751e8b465ee728b)  -> (artifact id: '42d402b061de3733987d63b9cc3b64de') in 0.010685 seconds 
========================================================================
Received Prepare
Registering precompiled user dll's ...
Registered in 0.002435 seconds.
Begin MonoManager ReloadAssembly
Native extension for WindowsStandalone target not found
Refreshing native plugins compatible for Editor in 0.76 ms, found 1 plugins.
Preloading 0 native plugins for Editor in 0.00 ms.
NovaForwardRenderer is missing RendererFeatures
This could be due to missing scripts or compile error.
UnityEngine.StackTraceUtility:ExtractStackTrace ()
UnityEngine.DebugLogHandler:LogFormat (UnityEngine.LogType,UnityEngine.Object,string,object[])
UnityEngine.Logger:Log (UnityEngine.LogType,object,UnityEngine.Object)
UnityEngine.Debug:LogError (object,UnityEngine.Object)
UnityEngine.Rendering.Universal.ScriptableRendererData:ValidateRendererFeatures () (at Library/PackageCache/com.unity.render-pipelines.universal@10.10.1/Runtime/ScriptableRendererData.cs:135)
UnityEngine.Rendering.Universal.ScriptableRendererData:OnValidate () (at Library/PackageCache/com.unity.render-pipelines.universal@10.10.1/Runtime/ScriptableRendererData.cs:59)

(Filename: Library/PackageCache/com.unity.render-pipelines.universal@10.10.1/Runtime/ScriptableRendererData.cs Line: 135)

Mono: successfully reloaded assembly
- Completed reload, in  0.857 seconds
Domain Reload Profiling:
	ReloadAssembly (857ms)
		BeginReloadAssembly (93ms)
			ExecutionOrderSort (0ms)
			DisableScriptedObjects (4ms)
			BackupInstance (0ms)
			ReleaseScriptingObjects (0ms)
			CreateAndSetChildDomain (32ms)
		EndReloadAssembly (723ms)
			LoadAssemblies (69ms)
			RebuildTransferFunctionScriptingTraits (0ms)
			SetupTypeCache (187ms)
			ReleaseScriptCaches (1ms)
			RebuildScriptCaches (28ms)
			SetupLoadedEditorAssemblies (345ms)
				LogAssemblyErrors (0ms)
				InitializePlatformSupportModulesInManaged (3ms)
				SetLoadedEditorAssemblies (0ms)
				RefreshPlugins (1ms)
				BeforeProcessingInitializeOnLoad (37ms)
				ProcessInitializeOnLoadAttributes (294ms)
				ProcessInitializeOnLoadMethodAttributes (8ms)
				AfterProcessingInitializeOnLoad (1ms)
				EditorAssembliesLoaded (0ms)
			ExecutionOrderSort2 (0ms)
			AwakeInstancesAfterBackupRestoration (12ms)
Platform modules already initialized, skipping
Refreshing native plugins compatible for Editor in 0.68 ms, found 1 plugins.
Preloading 0 native plugins for Editor in 0.00 ms.
Unloading 2961 Unused Serialized files (Serialized files now loaded: 0)
System memory in use before: 144.1 MB.
System memory in use after: 144.3 MB.

Unloading 19 unused Assets to reduce memory usage. Loaded Objects now: 3699.
Total: 3.361200 ms (FindLiveObjects: 0.303500 ms CreateObjectMapping: 0.121100 ms MarkObjects: 2.890800 ms  DeleteObjects: 0.044500 ms)

AssetImportParameters requested are different than current active one (requested -> active):
  custom:framework-win-MediaFoundation: 216162199b28c13a410421893ffa2e32 -> 
  custom:video-decoder-ogg-theora: a1e56fd34408186e4bbccfd4996cb3dc -> 
  custom:container-muxer-webm: aa71ff27fc2769a1b78a27578f13a17b -> 
  custom:container-demuxer-webm: 4f35f7cbe854078d1ac9338744f61a02 -> 
  custom:container-demuxer-ogg: 62fdf1f143b41e24485cea50d1cbac27 -> 
  custom:video-encoder-webm-vp8: eb34c28f22e8b96e1ab97ce403110664 -> 
  custom:video-codec-MediaFoundation-h265: 746d11721c4dcdbdad8f713fa42b33f4 -> 
  custom:video-decoder-webm-vp8: 9c59270c3fd7afecdb556c50c9e8de78 -> 
  custom:audio-decoder-ogg-vorbis: bf7c407c2cedff20999df2af8eb42d56 -> 
  custom:audio-encoder-webm-vorbis: bf7c407c2cedff20999df2af8eb42d56 -> 
========================================================================
Received Prepare
Registering precompiled user dll's ...
Registered in 0.002572 seconds.
Begin MonoManager ReloadAssembly
Native extension for WindowsStandalone target not found
Refreshing native plugins compatible for Editor in 0.67 ms, found 1 plugins.
Preloading 0 native plugins for Editor in 0.00 ms.
NovaForwardRenderer is missing RendererFeatures
This could be due to missing scripts or compile error.
UnityEngine.StackTraceUtility:ExtractStackTrace ()
UnityEngine.DebugLogHandler:LogFormat (UnityEngine.LogType,UnityEngine.Object,string,object[])
UnityEngine.Logger:Log (UnityEngine.LogType,object,UnityEngine.Object)
UnityEngine.Debug:LogError (object,UnityEngine.Object)
UnityEngine.Rendering.Universal.ScriptableRendererData:ValidateRendererFeatures () (at Library/PackageCache/com.unity.render-pipelines.universal@10.10.1/Runtime/ScriptableRendererData.cs:135)
UnityEngine.Rendering.Universal.ScriptableRendererData:OnValidate () (at Library/PackageCache/com.unity.render-pipelines.universal@10.10.1/Runtime/ScriptableRendererData.cs:59)

(Filename: Library/PackageCache/com.unity.render-pipelines.universal@10.10.1/Runtime/ScriptableRendererData.cs Line: 135)

Mono: successfully reloaded assembly
- Completed reload, in  0.883 seconds
Domain Reload Profiling:
	ReloadAssembly (883ms)
		BeginReloadAssembly (88ms)
			ExecutionOrderSort (0ms)
			DisableScriptedObjects (4ms)
			BackupInstance (0ms)
			ReleaseScriptingObjects (0ms)
			CreateAndSetChildDomain (29ms)
		EndReloadAssembly (753ms)
			LoadAssemblies (71ms)
			RebuildTransferFunctionScriptingTraits (0ms)
			SetupTypeCache (188ms)
			ReleaseScriptCaches (1ms)
			RebuildScriptCaches (28ms)
			SetupLoadedEditorAssemblies (361ms)
				LogAssemblyErrors (0ms)
				InitializePlatformSupportModulesInManaged (3ms)
				SetLoadedEditorAssemblies (1ms)
				RefreshPlugins (1ms)
				BeforeProcessingInitializeOnLoad (41ms)
				ProcessInitializeOnLoadAttributes (306ms)
				ProcessInitializeOnLoadMethodAttributes (8ms)
				AfterProcessingInitializeOnLoad (1ms)
				EditorAssembliesLoaded (0ms)
			ExecutionOrderSort2 (0ms)
			AwakeInstancesAfterBackupRestoration (13ms)
Platform modules already initialized, skipping
Refreshing native plugins compatible for Editor in 0.63 ms, found 1 plugins.
Preloading 0 native plugins for Editor in 0.00 ms.
Unloading 2961 Unused Serialized files (Serialized files now loaded: 0)
System memory in use before: 144.1 MB.
System memory in use after: 144.3 MB.

Unloading 19 unused Assets to reduce memory usage. Loaded Objects now: 3702.
Total: 3.037200 ms (FindLiveObjects: 0.285900 ms CreateObjectMapping: 0.088600 ms MarkObjects: 2.622400 ms  DeleteObjects: 0.038900 ms)

AssetImportParameters requested are different than current active one (requested -> active):
  custom:framework-win-MediaFoundation: 216162199b28c13a410421893ffa2e32 -> 
  custom:video-decoder-ogg-theora: a1e56fd34408186e4bbccfd4996cb3dc -> 
  custom:container-muxer-webm: aa71ff27fc2769a1b78a27578f13a17b -> 
  custom:container-demuxer-webm: 4f35f7cbe854078d1ac9338744f61a02 -> 
  custom:container-demuxer-ogg: 62fdf1f143b41e24485cea50d1cbac27 -> 
  custom:video-encoder-webm-vp8: eb34c28f22e8b96e1ab97ce403110664 -> 
  custom:video-codec-MediaFoundation-h265: 746d11721c4dcdbdad8f713fa42b33f4 -> 
  custom:video-decoder-webm-vp8: 9c59270c3fd7afecdb556c50c9e8de78 -> 
  custom:audio-decoder-ogg-vorbis: bf7c407c2cedff20999df2af8eb42d56 -> 
  custom:audio-encoder-webm-vorbis: bf7c407c2cedff20999df2af8eb42d56 -> 
========================================================================
Received Prepare
Registering precompiled user dll's ...
Registered in 0.002038 seconds.
Begin MonoManager ReloadAssembly
Native extension for WindowsStandalone target not found
Refreshing native plugins compatible for Editor in 0.71 ms, found 1 plugins.
Preloading 0 native plugins for Editor in 0.00 ms.
NovaForwardRenderer is missing RendererFeatures
This could be due to missing scripts or compile error.
UnityEngine.StackTraceUtility:ExtractStackTrace ()
UnityEngine.DebugLogHandler:LogFormat (UnityEngine.LogType,UnityEngine.Object,string,object[])
UnityEngine.Logger:Log (UnityEngine.LogType,object,UnityEngine.Object)
UnityEngine.Debug:LogError (object,UnityEngine.Object)
UnityEngine.Rendering.Universal.ScriptableRendererData:ValidateRendererFeatures () (at Library/PackageCache/com.unity.render-pipelines.universal@10.10.1/Runtime/ScriptableRendererData.cs:135)
UnityEngine.Rendering.Universal.ScriptableRendererData:OnValidate () (at Library/PackageCache/com.unity.render-pipelines.universal@10.10.1/Runtime/ScriptableRendererData.cs:59)

(Filename: Library/PackageCache/com.unity.render-pipelines.universal@10.10.1/Runtime/ScriptableRendererData.cs Line: 135)

Mono: successfully reloaded assembly
- Completed reload, in  0.870 seconds
Domain Reload Profiling:
	ReloadAssembly (871ms)
		BeginReloadAssembly (87ms)
			ExecutionOrderSort (0ms)
			DisableScriptedObjects (4ms)
			BackupInstance (0ms)
			ReleaseScriptingObjects (0ms)
			CreateAndSetChildDomain (26ms)
		EndReloadAssembly (742ms)
			LoadAssemblies (68ms)
			RebuildTransferFunctionScriptingTraits (0ms)
			SetupTypeCache (189ms)
			ReleaseScriptCaches (1ms)
			RebuildScriptCaches (28ms)
			SetupLoadedEditorAssemblies (363ms)
				LogAssemblyErrors (0ms)
				InitializePlatformSupportModulesInManaged (3ms)
				SetLoadedEditorAssemblies (0ms)
				RefreshPlugins (1ms)
				BeforeProcessingInitializeOnLoad (39ms)
				ProcessInitializeOnLoadAttributes (311ms)
				ProcessInitializeOnLoadMethodAttributes (7ms)
				AfterProcessingInitializeOnLoad (1ms)
				EditorAssembliesLoaded (0ms)
			ExecutionOrderSort2 (0ms)
			AwakeInstancesAfterBackupRestoration (12ms)
Platform modules already initialized, skipping
Refreshing native plugins compatible for Editor in 0.80 ms, found 1 plugins.
Preloading 0 native plugins for Editor in 0.00 ms.
Unloading 2961 Unused Serialized files (Serialized files now loaded: 0)
System memory in use before: 144.1 MB.
System memory in use after: 144.4 MB.

Unloading 19 unused Assets to reduce memory usage. Loaded Objects now: 3705.
Total: 3.326900 ms (FindLiveObjects: 0.297800 ms CreateObjectMapping: 0.107200 ms MarkObjects: 2.877900 ms  DeleteObjects: 0.042800 ms)

AssetImportParameters requested are different than current active one (requested -> active):
  custom:framework-win-MediaFoundation: 216162199b28c13a410421893ffa2e32 -> 
  custom:video-decoder-ogg-theora: a1e56fd34408186e4bbccfd4996cb3dc -> 
  custom:container-muxer-webm: aa71ff27fc2769a1b78a27578f13a17b -> 
  custom:container-demuxer-webm: 4f35f7cbe854078d1ac9338744f61a02 -> 
  custom:container-demuxer-ogg: 62fdf1f143b41e24485cea50d1cbac27 -> 
  custom:video-encoder-webm-vp8: eb34c28f22e8b96e1ab97ce403110664 -> 
  custom:video-codec-MediaFoundation-h265: 746d11721c4dcdbdad8f713fa42b33f4 -> 
  custom:video-decoder-webm-vp8: 9c59270c3fd7afecdb556c50c9e8de78 -> 
  custom:audio-decoder-ogg-vorbis: bf7c407c2cedff20999df2af8eb42d56 -> 
  custom:audio-encoder-webm-vorbis: bf7c407c2cedff20999df2af8eb42d56 -> 
========================================================================
Received Prepare
Registering precompiled user dll's ...
Registered in 0.002055 seconds.
Begin MonoManager ReloadAssembly
Native extension for WindowsStandalone target not found
Refreshing native plugins compatible for Editor in 0.71 ms, found 1 plugins.
Preloading 0 native plugins for Editor in 0.00 ms.
NovaForwardRenderer is missing RendererFeatures
This could be due to missing scripts or compile error.
UnityEngine.StackTraceUtility:ExtractStackTrace ()
UnityEngine.DebugLogHandler:LogFormat (UnityEngine.LogType,UnityEngine.Object,string,object[])
UnityEngine.Logger:Log (UnityEngine.LogType,object,UnityEngine.Object)
UnityEngine.Debug:LogError (object,UnityEngine.Object)
UnityEngine.Rendering.Universal.ScriptableRendererData:ValidateRendererFeatures () (at Library/PackageCache/com.unity.render-pipelines.universal@10.10.1/Runtime/ScriptableRendererData.cs:135)
UnityEngine.Rendering.Universal.ScriptableRendererData:OnValidate () (at Library/PackageCache/com.unity.render-pipelines.universal@10.10.1/Runtime/ScriptableRendererData.cs:59)

(Filename: Library/PackageCache/com.unity.render-pipelines.universal@10.10.1/Runtime/ScriptableRendererData.cs Line: 135)

Mono: successfully reloaded assembly
- Completed reload, in  0.856 seconds
Domain Reload Profiling:
	ReloadAssembly (857ms)
		BeginReloadAssembly (89ms)
			ExecutionOrderSort (0ms)
			DisableScriptedObjects (4ms)
			BackupInstance (0ms)
			ReleaseScriptingObjects (0ms)
			CreateAndSetChildDomain (28ms)
		EndReloadAssembly (726ms)
			LoadAssemblies (69ms)
			RebuildTransferFunctionScriptingTraits (0ms)
			SetupTypeCache (191ms)
			ReleaseScriptCaches (1ms)
			RebuildScriptCaches (27ms)
			SetupLoadedEditorAssemblies (346ms)
				LogAssemblyErrors (0ms)
				InitializePlatformSupportModulesInManaged (3ms)
				SetLoadedEditorAssemblies (0ms)
				RefreshPlugins (1ms)
				BeforeProcessingInitializeOnLoad (37ms)
				ProcessInitializeOnLoadAttributes (295ms)
				ProcessInitializeOnLoadMethodAttributes (8ms)
				AfterProcessingInitializeOnLoad (1ms)
				EditorAssembliesLoaded (0ms)
			ExecutionOrderSort2 (0ms)
			AwakeInstancesAfterBackupRestoration (12ms)
Platform modules already initialized, skipping
Refreshing native plugins compatible for Editor in 0.64 ms, found 1 plugins.
Preloading 0 native plugins for Editor in 0.00 ms.
Unloading 2961 Unused Serialized files (Serialized files now loaded: 0)
System memory in use before: 144.1 MB.
System memory in use after: 144.4 MB.

Unloading 19 unused Assets to reduce memory usage. Loaded Objects now: 3708.
Total: 2.777800 ms (FindLiveObjects: 0.284200 ms CreateObjectMapping: 0.085400 ms MarkObjects: 2.371300 ms  DeleteObjects: 0.036100 ms)

AssetImportParameters requested are different than current active one (requested -> active):
  custom:framework-win-MediaFoundation: 216162199b28c13a410421893ffa2e32 -> 
  custom:video-decoder-ogg-theora: a1e56fd34408186e4bbccfd4996cb3dc -> 
  custom:container-muxer-webm: aa71ff27fc2769a1b78a27578f13a17b -> 
  custom:container-demuxer-webm: 4f35f7cbe854078d1ac9338744f61a02 -> 
  custom:container-demuxer-ogg: 62fdf1f143b41e24485cea50d1cbac27 -> 
  custom:video-encoder-webm-vp8: eb34c28f22e8b96e1ab97ce403110664 -> 
  custom:video-codec-MediaFoundation-h265: 746d11721c4dcdbdad8f713fa42b33f4 -> 
  custom:video-decoder-webm-vp8: 9c59270c3fd7afecdb556c50c9e8de78 -> 
  custom:audio-decoder-ogg-vorbis: bf7c407c2cedff20999df2af8eb42d56 -> 
  custom:audio-encoder-webm-vorbis: bf7c407c2cedff20999df2af8eb42d56 -> 
========================================================================
Received Prepare
Registering precompiled user dll's ...
Registered in 0.002018 seconds.
Begin MonoManager ReloadAssembly
Native extension for WindowsStandalone target not found
Refreshing native plugins compatible for Editor in 0.79 ms, found 1 plugins.
Preloading 0 native plugins for Editor in 0.00 ms.
NovaForwardRenderer is missing RendererFeatures
This could be due to missing scripts or compile error.
UnityEngine.StackTraceUtility:ExtractStackTrace ()
UnityEngine.DebugLogHandler:LogFormat (UnityEngine.LogType,UnityEngine.Object,string,object[])
UnityEngine.Logger:Log (UnityEngine.LogType,object,UnityEngine.Object)
UnityEngine.Debug:LogError (object,UnityEngine.Object)
UnityEngine.Rendering.Universal.ScriptableRendererData:ValidateRendererFeatures () (at Library/PackageCache/com.unity.render-pipelines.universal@10.10.1/Runtime/ScriptableRendererData.cs:135)
UnityEngine.Rendering.Universal.ScriptableRendererData:OnValidate () (at Library/PackageCache/com.unity.render-pipelines.universal@10.10.1/Runtime/ScriptableRendererData.cs:59)

(Filename: Library/PackageCache/com.unity.render-pipelines.universal@10.10.1/Runtime/ScriptableRendererData.cs Line: 135)

Mono: successfully reloaded assembly
- Completed reload, in  0.859 seconds
Domain Reload Profiling:
	ReloadAssembly (860ms)
		BeginReloadAssembly (88ms)
			ExecutionOrderSort (0ms)
			DisableScriptedObjects (4ms)
			BackupInstance (0ms)
			ReleaseScriptingObjects (0ms)
			CreateAndSetChildDomain (28ms)
		EndReloadAssembly (729ms)
			LoadAssemblies (71ms)
			RebuildTransferFunctionScriptingTraits (0ms)
			SetupTypeCache (191ms)
			ReleaseScriptCaches (1ms)
			RebuildScriptCaches (28ms)
			SetupLoadedEditorAssemblies (343ms)
				LogAssemblyErrors (0ms)
				InitializePlatformSupportModulesInManaged (3ms)
				SetLoadedEditorAssemblies (0ms)
				RefreshPlugins (1ms)
				BeforeProcessingInitializeOnLoad (38ms)
				ProcessInitializeOnLoadAttributes (292ms)
				ProcessInitializeOnLoadMethodAttributes (7ms)
				AfterProcessingInitializeOnLoad (1ms)
				EditorAssembliesLoaded (0ms)
			ExecutionOrderSort2 (0ms)
			AwakeInstancesAfterBackupRestoration (12ms)
Platform modules already initialized, skipping
Refreshing native plugins compatible for Editor in 0.68 ms, found 1 plugins.
Preloading 0 native plugins for Editor in 0.00 ms.
Unloading 2961 Unused Serialized files (Serialized files now loaded: 0)
System memory in use before: 144.1 MB.
System memory in use after: 144.4 MB.

Unloading 19 unused Assets to reduce memory usage. Loaded Objects now: 3711.
Total: 3.366700 ms (FindLiveObjects: 0.289300 ms CreateObjectMapping: 0.100700 ms MarkObjects: 2.916100 ms  DeleteObjects: 0.059400 ms)

AssetImportParameters requested are different than current active one (requested -> active):
  custom:framework-win-MediaFoundation: 216162199b28c13a410421893ffa2e32 -> 
  custom:video-decoder-ogg-theora: a1e56fd34408186e4bbccfd4996cb3dc -> 
  custom:container-muxer-webm: aa71ff27fc2769a1b78a27578f13a17b -> 
  custom:container-demuxer-webm: 4f35f7cbe854078d1ac9338744f61a02 -> 
  custom:container-demuxer-ogg: 62fdf1f143b41e24485cea50d1cbac27 -> 
  custom:video-encoder-webm-vp8: eb34c28f22e8b96e1ab97ce403110664 -> 
  custom:video-codec-MediaFoundation-h265: 746d11721c4dcdbdad8f713fa42b33f4 -> 
  custom:video-decoder-webm-vp8: 9c59270c3fd7afecdb556c50c9e8de78 -> 
  custom:audio-decoder-ogg-vorbis: bf7c407c2cedff20999df2af8eb42d56 -> 
  custom:audio-encoder-webm-vorbis: bf7c407c2cedff20999df2af8eb42d56 -> 
========================================================================
Received Prepare
Registering precompiled user dll's ...
Registered in 0.002603 seconds.
Begin MonoManager ReloadAssembly
Native extension for WindowsStandalone target not found
Refreshing native plugins compatible for Editor in 0.63 ms, found 1 plugins.
Preloading 0 native plugins for Editor in 0.00 ms.
NovaForwardRenderer is missing RendererFeatures
This could be due to missing scripts or compile error.
UnityEngine.StackTraceUtility:ExtractStackTrace ()
UnityEngine.DebugLogHandler:LogFormat (UnityEngine.LogType,UnityEngine.Object,string,object[])
UnityEngine.Logger:Log (UnityEngine.LogType,object,UnityEngine.Object)
UnityEngine.Debug:LogError (object,UnityEngine.Object)
UnityEngine.Rendering.Universal.ScriptableRendererData:ValidateRendererFeatures () (at Library/PackageCache/com.unity.render-pipelines.universal@10.10.1/Runtime/ScriptableRendererData.cs:135)
UnityEngine.Rendering.Universal.ScriptableRendererData:OnValidate () (at Library/PackageCache/com.unity.render-pipelines.universal@10.10.1/Runtime/ScriptableRendererData.cs:59)

(Filename: Library/PackageCache/com.unity.render-pipelines.universal@10.10.1/Runtime/ScriptableRendererData.cs Line: 135)

Mono: successfully reloaded assembly
- Completed reload, in  0.885 seconds
Domain Reload Profiling:
	ReloadAssembly (886ms)
		BeginReloadAssembly (90ms)
			ExecutionOrderSort (0ms)
			DisableScriptedObjects (4ms)
			BackupInstance (0ms)
			ReleaseScriptingObjects (0ms)
			CreateAndSetChildDomain (27ms)
		EndReloadAssembly (752ms)
			LoadAssemblies (71ms)
			RebuildTransferFunctionScriptingTraits (0ms)
			SetupTypeCache (186ms)
			ReleaseScriptCaches (1ms)
			RebuildScriptCaches (27ms)
			SetupLoadedEditorAssemblies (376ms)
				LogAssemblyErrors (0ms)
				InitializePlatformSupportModulesInManaged (3ms)
				SetLoadedEditorAssemblies (0ms)
				RefreshPlugins (1ms)
				BeforeProcessingInitializeOnLoad (42ms)
				ProcessInitializeOnLoadAttributes (319ms)
				ProcessInitializeOnLoadMethodAttributes (9ms)
				AfterProcessingInitializeOnLoad (2ms)
				EditorAssembliesLoaded (0ms)
			ExecutionOrderSort2 (0ms)
			AwakeInstancesAfterBackupRestoration (12ms)
Platform modules already initialized, skipping
Refreshing native plugins compatible for Editor in 0.76 ms, found 1 plugins.
Preloading 0 native plugins for Editor in 0.00 ms.
Unloading 2961 Unused Serialized files (Serialized files now loaded: 0)
System memory in use before: 144.1 MB.
System memory in use after: 144.4 MB.

Unloading 19 unused Assets to reduce memory usage. Loaded Objects now: 3714.
Total: 2.884800 ms (FindLiveObjects: 0.259300 ms CreateObjectMapping: 0.086400 ms MarkObjects: 2.501600 ms  DeleteObjects: 0.036100 ms)

AssetImportParameters requested are different than current active one (requested -> active):
  custom:framework-win-MediaFoundation: 216162199b28c13a410421893ffa2e32 -> 
  custom:video-decoder-ogg-theora: a1e56fd34408186e4bbccfd4996cb3dc -> 
  custom:container-muxer-webm: aa71ff27fc2769a1b78a27578f13a17b -> 
  custom:container-demuxer-webm: 4f35f7cbe854078d1ac9338744f61a02 -> 
  custom:container-demuxer-ogg: 62fdf1f143b41e24485cea50d1cbac27 -> 
  custom:video-encoder-webm-vp8: eb34c28f22e8b96e1ab97ce403110664 -> 
  custom:video-codec-MediaFoundation-h265: 746d11721c4dcdbdad8f713fa42b33f4 -> 
  custom:video-decoder-webm-vp8: 9c59270c3fd7afecdb556c50c9e8de78 -> 
  custom:audio-decoder-ogg-vorbis: bf7c407c2cedff20999df2af8eb42d56 -> 
  custom:audio-encoder-webm-vorbis: bf7c407c2cedff20999df2af8eb42d56 -> 
========================================================================
Received Prepare
Registering precompiled user dll's ...
Registered in 0.002326 seconds.
Begin MonoManager ReloadAssembly
Native extension for WindowsStandalone target not found
Refreshing native plugins compatible for Editor in 0.72 ms, found 1 plugins.
Preloading 0 native plugins for Editor in 0.00 ms.
NovaForwardRenderer is missing RendererFeatures
This could be due to missing scripts or compile error.
UnityEngine.StackTraceUtility:ExtractStackTrace ()
UnityEngine.DebugLogHandler:LogFormat (UnityEngine.LogType,UnityEngine.Object,string,object[])
UnityEngine.Logger:Log (UnityEngine.LogType,object,UnityEngine.Object)
UnityEngine.Debug:LogError (object,UnityEngine.Object)
UnityEngine.Rendering.Universal.ScriptableRendererData:ValidateRendererFeatures () (at Library/PackageCache/com.unity.render-pipelines.universal@10.10.1/Runtime/ScriptableRendererData.cs:135)
UnityEngine.Rendering.Universal.ScriptableRendererData:OnValidate () (at Library/PackageCache/com.unity.render-pipelines.universal@10.10.1/Runtime/ScriptableRendererData.cs:59)

(Filename: Library/PackageCache/com.unity.render-pipelines.universal@10.10.1/Runtime/ScriptableRendererData.cs Line: 135)

Mono: successfully reloaded assembly
- Completed reload, in  0.849 seconds
Domain Reload Profiling:
	ReloadAssembly (849ms)
		BeginReloadAssembly (86ms)
			ExecutionOrderSort (0ms)
			DisableScriptedObjects (4ms)
			BackupInstance (0ms)
			ReleaseScriptingObjects (0ms)
			CreateAndSetChildDomain (27ms)
		EndReloadAssembly (721ms)
			LoadAssemblies (65ms)
			RebuildTransferFunctionScriptingTraits (0ms)
			SetupTypeCache (189ms)
			ReleaseScriptCaches (1ms)
			RebuildScriptCaches (28ms)
			SetupLoadedEditorAssemblies (345ms)
				LogAssemblyErrors (0ms)
				InitializePlatformSupportModulesInManaged (3ms)
				SetLoadedEditorAssemblies (0ms)
				RefreshPlugins (1ms)
				BeforeProcessingInitializeOnLoad (37ms)
				ProcessInitializeOnLoadAttributes (293ms)
				ProcessInitializeOnLoadMethodAttributes (8ms)
				AfterProcessingInitializeOnLoad (2ms)
				EditorAssembliesLoaded (0ms)
			ExecutionOrderSort2 (0ms)
			AwakeInstancesAfterBackupRestoration (12ms)
Platform modules already initialized, skipping
Refreshing native plugins compatible for Editor in 0.68 ms, found 1 plugins.
Preloading 0 native plugins for Editor in 0.00 ms.
Unloading 2961 Unused Serialized files (Serialized files now loaded: 0)
System memory in use before: 144.2 MB.
System memory in use after: 144.4 MB.

Unloading 19 unused Assets to reduce memory usage. Loaded Objects now: 3717.
Total: 2.913400 ms (FindLiveObjects: 0.254900 ms CreateObjectMapping: 0.100800 ms MarkObjects: 2.519700 ms  DeleteObjects: 0.036900 ms)

AssetImportParameters requested are different than current active one (requested -> active):
  custom:framework-win-MediaFoundation: 216162199b28c13a410421893ffa2e32 -> 
  custom:video-decoder-ogg-theora: a1e56fd34408186e4bbccfd4996cb3dc -> 
  custom:container-muxer-webm: aa71ff27fc2769a1b78a27578f13a17b -> 
  custom:container-demuxer-webm: 4f35f7cbe854078d1ac9338744f61a02 -> 
  custom:container-demuxer-ogg: 62fdf1f143b41e24485cea50d1cbac27 -> 
  custom:video-encoder-webm-vp8: eb34c28f22e8b96e1ab97ce403110664 -> 
  custom:video-codec-MediaFoundation-h265: 746d11721c4dcdbdad8f713fa42b33f4 -> 
  custom:video-decoder-webm-vp8: 9c59270c3fd7afecdb556c50c9e8de78 -> 
  custom:audio-decoder-ogg-vorbis: bf7c407c2cedff20999df2af8eb42d56 -> 
  custom:audio-encoder-webm-vorbis: bf7c407c2cedff20999df2af8eb42d56 -> 
========================================================================
Received Prepare
Registering precompiled user dll's ...
Registered in 0.002488 seconds.
Begin MonoManager ReloadAssembly
Native extension for WindowsStandalone target not found
Refreshing native plugins compatible for Editor in 0.65 ms, found 1 plugins.
Preloading 0 native plugins for Editor in 0.00 ms.
NovaForwardRenderer is missing RendererFeatures
This could be due to missing scripts or compile error.
UnityEngine.StackTraceUtility:ExtractStackTrace ()
UnityEngine.DebugLogHandler:LogFormat (UnityEngine.LogType,UnityEngine.Object,string,object[])
UnityEngine.Logger:Log (UnityEngine.LogType,object,UnityEngine.Object)
UnityEngine.Debug:LogError (object,UnityEngine.Object)
UnityEngine.Rendering.Universal.ScriptableRendererData:ValidateRendererFeatures () (at Library/PackageCache/com.unity.render-pipelines.universal@10.10.1/Runtime/ScriptableRendererData.cs:135)
UnityEngine.Rendering.Universal.ScriptableRendererData:OnValidate () (at Library/PackageCache/com.unity.render-pipelines.universal@10.10.1/Runtime/ScriptableRendererData.cs:59)

(Filename: Library/PackageCache/com.unity.render-pipelines.universal@10.10.1/Runtime/ScriptableRendererData.cs Line: 135)

Mono: successfully reloaded assembly
- Completed reload, in  0.876 seconds
Domain Reload Profiling:
	ReloadAssembly (876ms)
		BeginReloadAssembly (88ms)
			ExecutionOrderSort (0ms)
			DisableScriptedObjects (5ms)
			BackupInstance (0ms)
			ReleaseScriptingObjects (0ms)
			CreateAndSetChildDomain (28ms)
		EndReloadAssembly (747ms)
			LoadAssemblies (65ms)
			RebuildTransferFunctionScriptingTraits (0ms)
			SetupTypeCache (184ms)
			ReleaseScriptCaches (1ms)
			RebuildScriptCaches (27ms)
			SetupLoadedEditorAssemblies (370ms)
				LogAssemblyErrors (0ms)
				InitializePlatformSupportModulesInManaged (3ms)
				SetLoadedEditorAssemblies (0ms)
				RefreshPlugins (1ms)
				BeforeProcessingInitializeOnLoad (38ms)
				ProcessInitializeOnLoadAttributes (317ms)
				ProcessInitializeOnLoadMethodAttributes (9ms)
				AfterProcessingInitializeOnLoad (2ms)
				EditorAssembliesLoaded (0ms)
			ExecutionOrderSort2 (0ms)
			AwakeInstancesAfterBackupRestoration (13ms)
Platform modules already initialized, skipping
Refreshing native plugins compatible for Editor in 0.67 ms, found 1 plugins.
Preloading 0 native plugins for Editor in 0.00 ms.
Unloading 2961 Unused Serialized files (Serialized files now loaded: 0)
System memory in use before: 144.2 MB.
System memory in use after: 144.4 MB.

Unloading 19 unused Assets to reduce memory usage. Loaded Objects now: 3720.
Total: 2.960600 ms (FindLiveObjects: 0.252200 ms CreateObjectMapping: 0.126900 ms MarkObjects: 2.535600 ms  DeleteObjects: 0.045200 ms)

AssetImportParameters requested are different than current active one (requested -> active):
  custom:framework-win-MediaFoundation: 216162199b28c13a410421893ffa2e32 -> 
  custom:video-decoder-ogg-theora: a1e56fd34408186e4bbccfd4996cb3dc -> 
  custom:container-muxer-webm: aa71ff27fc2769a1b78a27578f13a17b -> 
  custom:container-demuxer-webm: 4f35f7cbe854078d1ac9338744f61a02 -> 
  custom:container-demuxer-ogg: 62fdf1f143b41e24485cea50d1cbac27 -> 
  custom:video-encoder-webm-vp8: eb34c28f22e8b96e1ab97ce403110664 -> 
  custom:video-codec-MediaFoundation-h265: 746d11721c4dcdbdad8f713fa42b33f4 -> 
  custom:video-decoder-webm-vp8: 9c59270c3fd7afecdb556c50c9e8de78 -> 
  custom:audio-decoder-ogg-vorbis: bf7c407c2cedff20999df2af8eb42d56 -> 
  custom:audio-encoder-webm-vorbis: bf7c407c2cedff20999df2af8eb42d56 -> 
========================================================================
Received Import Request.
  Time since last request: 1259.608612 seconds.
  path: Assets/Nova/UI
  artifactKey: Guid(97e03e4b286a37f4cbdd93a71edc4a71) Importer(815301076,1909f56bfc062723c751e8b465ee728b)
Start importing Assets/Nova/UI using Guid(97e03e4b286a37f4cbdd93a71edc4a71) Importer(815301076,1909f56bfc062723c751e8b465ee728b)  -> (artifact id: '2975c45563b7e4babb7783e83d0b5b82') in 0.010206 seconds 
========================================================================
Received Prepare
Registering precompiled user dll's ...
Registered in 0.002867 seconds.
Begin MonoManager ReloadAssembly
Native extension for WindowsStandalone target not found
Refreshing native plugins compatible for Editor in 0.63 ms, found 1 plugins.
Preloading 0 native plugins for Editor in 0.00 ms.
NovaForwardRenderer is missing RendererFeatures
This could be due to missing scripts or compile error.
UnityEngine.StackTraceUtility:ExtractStackTrace ()
UnityEngine.DebugLogHandler:LogFormat (UnityEngine.LogType,UnityEngine.Object,string,object[])
UnityEngine.Logger:Log (UnityEngine.LogType,object,UnityEngine.Object)
UnityEngine.Debug:LogError (object,UnityEngine.Object)
UnityEngine.Rendering.Universal.ScriptableRendererData:ValidateRendererFeatures () (at Library/PackageCache/com.unity.render-pipelines.universal@10.10.1/Runtime/ScriptableRendererData.cs:135)
UnityEngine.Rendering.Universal.ScriptableRendererData:OnValidate () (at Library/PackageCache/com.unity.render-pipelines.universal@10.10.1/Runtime/ScriptableRendererData.cs:59)

(Filename: Library/PackageCache/com.unity.render-pipelines.universal@10.10.1/Runtime/ScriptableRendererData.cs Line: 135)

Mono: successfully reloaded assembly
- Completed reload, in  0.867 seconds
Domain Reload Profiling:
	ReloadAssembly (868ms)
		BeginReloadAssembly (82ms)
			ExecutionOrderSort (0ms)
			DisableScriptedObjects (4ms)
			BackupInstance (0ms)
			ReleaseScriptingObjects (0ms)
			CreateAndSetChildDomain (25ms)
		EndReloadAssembly (741ms)
			LoadAssemblies (64ms)
			RebuildTransferFunctionScriptingTraits (0ms)
			SetupTypeCache (187ms)
			ReleaseScriptCaches (1ms)
			RebuildScriptCaches (28ms)
			SetupLoadedEditorAssemblies (363ms)
				LogAssemblyErrors (0ms)
				InitializePlatformSupportModulesInManaged (3ms)
				SetLoadedEditorAssemblies (0ms)
				RefreshPlugins (1ms)
				BeforeProcessingInitializeOnLoad (37ms)
				ProcessInitializeOnLoadAttributes (312ms)
				ProcessInitializeOnLoadMethodAttributes (8ms)
				AfterProcessingInitializeOnLoad (2ms)
				EditorAssembliesLoaded (0ms)
			ExecutionOrderSort2 (0ms)
			AwakeInstancesAfterBackupRestoration (13ms)
Platform modules already initialized, skipping
Refreshing native plugins compatible for Editor in 0.63 ms, found 1 plugins.
Preloading 0 native plugins for Editor in 0.00 ms.
Unloading 2961 Unused Serialized files (Serialized files now loaded: 0)
System memory in use before: 144.2 MB.
System memory in use after: 144.4 MB.

Unloading 19 unused Assets to reduce memory usage. Loaded Objects now: 3723.
Total: 3.172900 ms (FindLiveObjects: 0.403900 ms CreateObjectMapping: 0.106000 ms MarkObjects: 2.610800 ms  DeleteObjects: 0.051300 ms)

AssetImportParameters requested are different than current active one (requested -> active):
  custom:framework-win-MediaFoundation: 216162199b28c13a410421893ffa2e32 -> 
  custom:video-decoder-ogg-theora: a1e56fd34408186e4bbccfd4996cb3dc -> 
  custom:container-muxer-webm: aa71ff27fc2769a1b78a27578f13a17b -> 
  custom:container-demuxer-webm: 4f35f7cbe854078d1ac9338744f61a02 -> 
  custom:container-demuxer-ogg: 62fdf1f143b41e24485cea50d1cbac27 -> 
  custom:video-encoder-webm-vp8: eb34c28f22e8b96e1ab97ce403110664 -> 
  custom:video-codec-MediaFoundation-h265: 746d11721c4dcdbdad8f713fa42b33f4 -> 
  custom:video-decoder-webm-vp8: 9c59270c3fd7afecdb556c50c9e8de78 -> 
  custom:audio-decoder-ogg-vorbis: bf7c407c2cedff20999df2af8eb42d56 -> 
  custom:audio-encoder-webm-vorbis: bf7c407c2cedff20999df2af8eb42d56 -> 
========================================================================
Received Import Request.
  Time since last request: 91.247333 seconds.
  path: Assets/Scenes/Main.unity
  artifactKey: Guid(9e0f769bbb62d47738ecff73189c9143) Importer(815301076,1909f56bfc062723c751e8b465ee728b)
Start importing Assets/Scenes/Main.unity using Guid(9e0f769bbb62d47738ecff73189c9143) Importer(815301076,1909f56bfc062723c751e8b465ee728b)  -> (artifact id: '94ac199a203a90c3f2af1949beafb098') in 0.006173 seconds 
========================================================================
Received Prepare
Registering precompiled user dll's ...
Registered in 0.001960 seconds.
Begin MonoManager ReloadAssembly
Native extension for WindowsStandalone target not found
Refreshing native plugins compatible for Editor in 0.67 ms, found 1 plugins.
Preloading 0 native plugins for Editor in 0.00 ms.
NovaForwardRenderer is missing RendererFeatures
This could be due to missing scripts or compile error.
UnityEngine.StackTraceUtility:ExtractStackTrace ()
UnityEngine.DebugLogHandler:LogFormat (UnityEngine.LogType,UnityEngine.Object,string,object[])
UnityEngine.Logger:Log (UnityEngine.LogType,object,UnityEngine.Object)
UnityEngine.Debug:LogError (object,UnityEngine.Object)
UnityEngine.Rendering.Universal.ScriptableRendererData:ValidateRendererFeatures () (at Library/PackageCache/com.unity.render-pipelines.universal@10.10.1/Runtime/ScriptableRendererData.cs:135)
UnityEngine.Rendering.Universal.ScriptableRendererData:OnValidate () (at Library/PackageCache/com.unity.render-pipelines.universal@10.10.1/Runtime/ScriptableRendererData.cs:59)

(Filename: Library/PackageCache/com.unity.render-pipelines.universal@10.10.1/Runtime/ScriptableRendererData.cs Line: 135)

Mono: successfully reloaded assembly
- Completed reload, in  0.838 seconds
Domain Reload Profiling:
	ReloadAssembly (838ms)
		BeginReloadAssembly (86ms)
			ExecutionOrderSort (0ms)
			DisableScriptedObjects (4ms)
			BackupInstance (0ms)
			ReleaseScriptingObjects (0ms)
			CreateAndSetChildDomain (28ms)
		EndReloadAssembly (711ms)
			LoadAssemblies (65ms)
			RebuildTransferFunctionScriptingTraits (0ms)
			SetupTypeCache (183ms)
			ReleaseScriptCaches (1ms)
			RebuildScriptCaches (28ms)
			SetupLoadedEditorAssemblies (340ms)
				LogAssemblyErrors (0ms)
				InitializePlatformSupportModulesInManaged (3ms)
				SetLoadedEditorAssemblies (0ms)
				RefreshPlugins (1ms)
				BeforeProcessingInitializeOnLoad (36ms)
				ProcessInitializeOnLoadAttributes (290ms)
				ProcessInitializeOnLoadMethodAttributes (8ms)
				AfterProcessingInitializeOnLoad (1ms)
				EditorAssembliesLoaded (0ms)
			ExecutionOrderSort2 (0ms)
			AwakeInstancesAfterBackupRestoration (13ms)
Platform modules already initialized, skipping
Refreshing native plugins compatible for Editor in 0.63 ms, found 1 plugins.
Preloading 0 native plugins for Editor in 0.00 ms.
Unloading 2961 Unused Serialized files (Serialized files now loaded: 0)
System memory in use before: 144.2 MB.
System memory in use after: 144.4 MB.

Unloading 19 unused Assets to reduce memory usage. Loaded Objects now: 3726.
Total: 3.071700 ms (FindLiveObjects: 0.249800 ms CreateObjectMapping: 0.086800 ms MarkObjects: 2.695300 ms  DeleteObjects: 0.039100 ms)

AssetImportParameters requested are different than current active one (requested -> active):
  custom:framework-win-MediaFoundation: 216162199b28c13a410421893ffa2e32 -> 
  custom:video-decoder-ogg-theora: a1e56fd34408186e4bbccfd4996cb3dc -> 
  custom:container-muxer-webm: aa71ff27fc2769a1b78a27578f13a17b -> 
  custom:container-demuxer-webm: 4f35f7cbe854078d1ac9338744f61a02 -> 
  custom:container-demuxer-ogg: 62fdf1f143b41e24485cea50d1cbac27 -> 
  custom:video-encoder-webm-vp8: eb34c28f22e8b96e1ab97ce403110664 -> 
  custom:video-codec-MediaFoundation-h265: 746d11721c4dcdbdad8f713fa42b33f4 -> 
  custom:video-decoder-webm-vp8: 9c59270c3fd7afecdb556c50c9e8de78 -> 
  custom:audio-decoder-ogg-vorbis: bf7c407c2cedff20999df2af8eb42d56 -> 
  custom:audio-encoder-webm-vorbis: bf7c407c2cedff20999df2af8eb42d56 -> 
========================================================================
Received Prepare
Registering precompiled user dll's ...
Registered in 0.002142 seconds.
Begin MonoManager ReloadAssembly
Native extension for WindowsStandalone target not found
Refreshing native plugins compatible for Editor in 0.70 ms, found 1 plugins.
Preloading 0 native plugins for Editor in 0.00 ms.
NovaForwardRenderer is missing RendererFeatures
This could be due to missing scripts or compile error.
UnityEngine.StackTraceUtility:ExtractStackTrace ()
UnityEngine.DebugLogHandler:LogFormat (UnityEngine.LogType,UnityEngine.Object,string,object[])
UnityEngine.Logger:Log (UnityEngine.LogType,object,UnityEngine.Object)
UnityEngine.Debug:LogError (object,UnityEngine.Object)
UnityEngine.Rendering.Universal.ScriptableRendererData:ValidateRendererFeatures () (at Library/PackageCache/com.unity.render-pipelines.universal@10.10.1/Runtime/ScriptableRendererData.cs:135)
UnityEngine.Rendering.Universal.ScriptableRendererData:OnValidate () (at Library/PackageCache/com.unity.render-pipelines.universal@10.10.1/Runtime/ScriptableRendererData.cs:59)

(Filename: Library/PackageCache/com.unity.render-pipelines.universal@10.10.1/Runtime/ScriptableRendererData.cs Line: 135)

Mono: successfully reloaded assembly
- Completed reload, in  0.860 seconds
Domain Reload Profiling:
	ReloadAssembly (860ms)
		BeginReloadAssembly (82ms)
			ExecutionOrderSort (0ms)
			DisableScriptedObjects (4ms)
			BackupInstance (0ms)
			ReleaseScriptingObjects (0ms)
			CreateAndSetChildDomain (25ms)
		EndReloadAssembly (739ms)
			LoadAssemblies (62ms)
			RebuildTransferFunctionScriptingTraits (0ms)
			SetupTypeCache (183ms)
			ReleaseScriptCaches (1ms)
			RebuildScriptCaches (28ms)
			SetupLoadedEditorAssemblies (365ms)
				LogAssemblyErrors (0ms)
				InitializePlatformSupportModulesInManaged (3ms)
				SetLoadedEditorAssemblies (0ms)
				RefreshPlugins (1ms)
				BeforeProcessingInitializeOnLoad (37ms)
				ProcessInitializeOnLoadAttributes (315ms)
				ProcessInitializeOnLoadMethodAttributes (8ms)
				AfterProcessingInitializeOnLoad (1ms)
				EditorAssembliesLoaded (0ms)
			ExecutionOrderSort2 (0ms)
			AwakeInstancesAfterBackupRestoration (13ms)
Platform modules already initialized, skipping
Refreshing native plugins compatible for Editor in 0.65 ms, found 1 plugins.
Preloading 0 native plugins for Editor in 0.00 ms.
Unloading 2961 Unused Serialized files (Serialized files now loaded: 0)
System memory in use before: 144.2 MB.
System memory in use after: 144.4 MB.

Unloading 19 unused Assets to reduce memory usage. Loaded Objects now: 3729.
Total: 3.298300 ms (FindLiveObjects: 0.286400 ms CreateObjectMapping: 0.089100 ms MarkObjects: 2.877600 ms  DeleteObjects: 0.043900 ms)

AssetImportParameters requested are different than current active one (requested -> active):
  custom:framework-win-MediaFoundation: 216162199b28c13a410421893ffa2e32 -> 
  custom:video-decoder-ogg-theora: a1e56fd34408186e4bbccfd4996cb3dc -> 
  custom:container-muxer-webm: aa71ff27fc2769a1b78a27578f13a17b -> 
  custom:container-demuxer-webm: 4f35f7cbe854078d1ac9338744f61a02 -> 
  custom:container-demuxer-ogg: 62fdf1f143b41e24485cea50d1cbac27 -> 
  custom:video-encoder-webm-vp8: eb34c28f22e8b96e1ab97ce403110664 -> 
  custom:video-codec-MediaFoundation-h265: 746d11721c4dcdbdad8f713fa42b33f4 -> 
  custom:video-decoder-webm-vp8: 9c59270c3fd7afecdb556c50c9e8de78 -> 
  custom:audio-decoder-ogg-vorbis: bf7c407c2cedff20999df2af8eb42d56 -> 
  custom:audio-encoder-webm-vorbis: bf7c407c2cedff20999df2af8eb42d56 -> 
========================================================================
Received Prepare
Registering precompiled user dll's ...
Registered in 0.002331 seconds.
Begin MonoManager ReloadAssembly
Native extension for WindowsStandalone target not found
Refreshing native plugins compatible for Editor in 0.65 ms, found 1 plugins.
Preloading 0 native plugins for Editor in 0.00 ms.
NovaForwardRenderer is missing RendererFeatures
This could be due to missing scripts or compile error.
UnityEngine.StackTraceUtility:ExtractStackTrace ()
UnityEngine.DebugLogHandler:LogFormat (UnityEngine.LogType,UnityEngine.Object,string,object[])
UnityEngine.Logger:Log (UnityEngine.LogType,object,UnityEngine.Object)
UnityEngine.Debug:LogError (object,UnityEngine.Object)
UnityEngine.Rendering.Universal.ScriptableRendererData:ValidateRendererFeatures () (at Library/PackageCache/com.unity.render-pipelines.universal@10.10.1/Runtime/ScriptableRendererData.cs:135)
UnityEngine.Rendering.Universal.ScriptableRendererData:OnValidate () (at Library/PackageCache/com.unity.render-pipelines.universal@10.10.1/Runtime/ScriptableRendererData.cs:59)

(Filename: Library/PackageCache/com.unity.render-pipelines.universal@10.10.1/Runtime/ScriptableRendererData.cs Line: 135)

Mono: successfully reloaded assembly
- Completed reload, in  0.918 seconds
Domain Reload Profiling:
	ReloadAssembly (919ms)
		BeginReloadAssembly (93ms)
			ExecutionOrderSort (0ms)
			DisableScriptedObjects (4ms)
			BackupInstance (0ms)
			ReleaseScriptingObjects (0ms)
			CreateAndSetChildDomain (33ms)
		EndReloadAssembly (781ms)
			LoadAssemblies (67ms)
			RebuildTransferFunctionScriptingTraits (0ms)
			SetupTypeCache (207ms)
			ReleaseScriptCaches (1ms)
			RebuildScriptCaches (29ms)
			SetupLoadedEditorAssemblies (371ms)
				LogAssemblyErrors (0ms)
				InitializePlatformSupportModulesInManaged (3ms)
				SetLoadedEditorAssemblies (0ms)
				RefreshPlugins (1ms)
				BeforeProcessingInitializeOnLoad (43ms)
				ProcessInitializeOnLoadAttributes (314ms)
				ProcessInitializeOnLoadMethodAttributes (8ms)
				AfterProcessingInitializeOnLoad (2ms)
				EditorAssembliesLoaded (0ms)
			ExecutionOrderSort2 (0ms)
			AwakeInstancesAfterBackupRestoration (15ms)
Platform modules already initialized, skipping
Refreshing native plugins compatible for Editor in 0.92 ms, found 1 plugins.
Preloading 0 native plugins for Editor in 0.00 ms.
Unloading 2961 Unused Serialized files (Serialized files now loaded: 0)
System memory in use before: 144.2 MB.
System memory in use after: 144.4 MB.

Unloading 19 unused Assets to reduce memory usage. Loaded Objects now: 3732.
Total: 3.707300 ms (FindLiveObjects: 0.354800 ms CreateObjectMapping: 0.105900 ms MarkObjects: 3.193300 ms  DeleteObjects: 0.052100 ms)

AssetImportParameters requested are different than current active one (requested -> active):
  custom:framework-win-MediaFoundation: 216162199b28c13a410421893ffa2e32 -> 
  custom:video-decoder-ogg-theora: a1e56fd34408186e4bbccfd4996cb3dc -> 
  custom:container-muxer-webm: aa71ff27fc2769a1b78a27578f13a17b -> 
  custom:container-demuxer-webm: 4f35f7cbe854078d1ac9338744f61a02 -> 
  custom:container-demuxer-ogg: 62fdf1f143b41e24485cea50d1cbac27 -> 
  custom:video-encoder-webm-vp8: eb34c28f22e8b96e1ab97ce403110664 -> 
  custom:video-codec-MediaFoundation-h265: 746d11721c4dcdbdad8f713fa42b33f4 -> 
  custom:video-decoder-webm-vp8: 9c59270c3fd7afecdb556c50c9e8de78 -> 
  custom:audio-decoder-ogg-vorbis: bf7c407c2cedff20999df2af8eb42d56 -> 
  custom:audio-encoder-webm-vorbis: bf7c407c2cedff20999df2af8eb42d56 -> 
========================================================================
Received Prepare
Registering precompiled user dll's ...
Registered in 0.002083 seconds.
Begin MonoManager ReloadAssembly
Native extension for WindowsStandalone target not found
Refreshing native plugins compatible for Editor in 1.54 ms, found 1 plugins.
Preloading 0 native plugins for Editor in 0.00 ms.
NovaForwardRenderer is missing RendererFeatures
This could be due to missing scripts or compile error.
UnityEngine.StackTraceUtility:ExtractStackTrace ()
UnityEngine.DebugLogHandler:LogFormat (UnityEngine.LogType,UnityEngine.Object,string,object[])
UnityEngine.Logger:Log (UnityEngine.LogType,object,UnityEngine.Object)
UnityEngine.Debug:LogError (object,UnityEngine.Object)
UnityEngine.Rendering.Universal.ScriptableRendererData:ValidateRendererFeatures () (at Library/PackageCache/com.unity.render-pipelines.universal@10.10.1/Runtime/ScriptableRendererData.cs:135)
UnityEngine.Rendering.Universal.ScriptableRendererData:OnValidate () (at Library/PackageCache/com.unity.render-pipelines.universal@10.10.1/Runtime/ScriptableRendererData.cs:59)

(Filename: Library/PackageCache/com.unity.render-pipelines.universal@10.10.1/Runtime/ScriptableRendererData.cs Line: 135)

Mono: successfully reloaded assembly
- Completed reload, in  0.903 seconds
Domain Reload Profiling:
	ReloadAssembly (903ms)
		BeginReloadAssembly (86ms)
			ExecutionOrderSort (0ms)
			DisableScriptedObjects (4ms)
			BackupInstance (0ms)
			ReleaseScriptingObjects (0ms)
			CreateAndSetChildDomain (27ms)
		EndReloadAssembly (774ms)
			LoadAssemblies (66ms)
			RebuildTransferFunctionScriptingTraits (0ms)
			SetupTypeCache (195ms)
			ReleaseScriptCaches (1ms)
			RebuildScriptCaches (30ms)
			SetupLoadedEditorAssemblies (376ms)
				LogAssemblyErrors (0ms)
				InitializePlatformSupportModulesInManaged (3ms)
				SetLoadedEditorAssemblies (0ms)
				RefreshPlugins (2ms)
				BeforeProcessingInitializeOnLoad (40ms)
				ProcessInitializeOnLoadAttributes (321ms)
				ProcessInitializeOnLoadMethodAttributes (8ms)
				AfterProcessingInitializeOnLoad (2ms)
				EditorAssembliesLoaded (0ms)
			ExecutionOrderSort2 (0ms)
			AwakeInstancesAfterBackupRestoration (14ms)
Platform modules already initialized, skipping
Script is not up to date after domain reload: guid(188a7e7f37cd3104590d81b28250d1cf) path("Assets/Nova/Sources/ThirdParty/ToLua/Source/Generate/Nova_VolumeAnimationPropertyWrap.cs") state(2)
Script is not up to date after domain reload: guid(f97cab04709f0d84780458f17a01748f) path("Assets/Nova/Sources/ThirdParty/ToLua/Source/Generate/Nova_AnchorAnimationPropertyWrap.cs") state(2)
Script is not up to date after domain reload: guid(3e7ee8b40cb2a9f4eb291a023484772e) path("Assets/Nova/Sources/ThirdParty/ToLua/Source/Generate/Nova_RenderTargetWrap.cs") state(2)
Script is not up to date after domain reload: guid(cc9b0829e43638140a29c4101fdc4b25) path("Assets/Nova/Sources/ThirdParty/ToLua/Source/Generate/UnityEngine_UI_GraphicWrap.cs") state(2)
Script is not up to date after domain reload: guid(addf40ae1bcff204c974cb987798b794) path("Assets/Nova/Sources/ThirdParty/ToLua/Source/Generate/Nova_ExecutionModeWrap.cs") state(2)
Script is not up to date after domain reload: guid(8e25f23fa6cef2a4b9f37fd85bf4a493) path("Assets/Nova/Sources/ThirdParty/ToLua/Source/Generate/Nova_ScaleAnimationPropertyWrap.cs") state(2)
Script is not up to date after domain reload: guid(5ad511985966bef41b6156541fb83083) path("Assets/Nova/Sources/ThirdParty/ToLua/Source/Generate/Nova_DialogueBoxColor_TypeWrap.cs") state(2)
Script is not up to date after domain reload: guid(777a86a3b382c974fa572bc6500938d3) path("Assets/Nova/Sources/ThirdParty/ToLua/Source/Generate/Nova_AdvancedDialogueHelperWrap.cs") state(2)
Script is not up to date after domain reload: guid(9e02587706a4d8d478d5e4cb8d60eefc) path("Assets/Nova/Sources/ThirdParty/ToLua/Source/Generate/Nova_SpriteControllerWrap.cs") state(2)
Script is not up to date after domain reload: guid(8ff0f130e3057324281a36faa35b3d99) path("Assets/Nova/Sources/ThirdParty/ToLua/Source/Generate/Nova_I18nWrap.cs") state(2)
Script is not up to date after domain reload: guid(3d0dbcc7f757c43478c5ea76fc8b2332) path("Assets/Nova/Sources/ThirdParty/ToLua/Source/Generate/Nova_TimelineControllerWrap.cs") state(2)
Script is not up to date after domain reload: guid(6f799cc73ae790443ad934df0c2780af) path("Assets/Nova/Sources/ThirdParty/ToLua/Source/Generate/Nova_DialogueEntryPreprocessorWrap.cs") state(2)
Script is not up to date after domain reload: guid(a70312268b7d52745a3628f598295433) path("Assets/Nova/Sources/ThirdParty/ToLua/Source/Generate/Nova_CharacterColor_TypeWrap.cs") state(2)
Script is not up to date after domain reload: guid(cdbf06d61c5b14445887e8d9e048dc6e) path("Assets/Nova/Sources/ThirdParty/ToLua/Source/Generate/Nova_FloatBaseAnimationPropertyWrap.cs") state(2)
Script is not up to date after domain reload: guid(2b1ec1f19f99f6441a98aa47f12baa30) path("Assets/Nova/Sources/ThirdParty/ToLua/Source/Generate/Nova_DialogueState_StateWrap.cs") state(2)
Script is not up to date after domain reload: guid(bb8834cfe61594849883d7aa7f6856e5) path("Assets/Nova/Sources/ThirdParty/ToLua/Source/Generate/UnityEngine_RectTransformWrap.cs") state(2)
Script is not up to date after domain reload: guid(9871de594c895534e9a9485f2b09e31a) path("Assets/Nova/Sources/ThirdParty/ToLua/Source/Generate/Nova_SoundControllerWrap.cs") state(2)
Script is not up to date after domain reload: guid(6e279121c538eca4d93102672fef7ce2) path("Assets/Nova/Sources/ThirdParty/ToLua/Source/Generate/Nova_MaterialPoolWrap.cs") state(2)
Script is not up to date after domain reload: guid(ef135d90e8119ca46b86c69cba2d6bdb) path("Assets/Nova/Sources/ThirdParty/ToLua/Source/Generate/Nova_DialogueBoxControllerWrap.cs") state(2)
Script is not up to date after domain reload: guid(4c3433e016e3ea24fa7db6b19e0d67bb) path("Assets/Nova/Sources/ThirdParty/ToLua/Source/Generate/Nova_AnimationTypeWrap.cs") state(2)
Script is not up to date after domain reload: guid(fddfc71639612af49a19425a7b81cafe) path("Assets/Nova/Sources/ThirdParty/ToLua/Source/Generate/Nova_CameraSizeAnimationPropertyWrap.cs") state(2)
Script is not up to date after domain reload: guid(bd8d5215b7001e646832115886fd7b1e) path("Assets/Nova/Sources/ThirdParty/ToLua/Source/Generate/Nova_DialogueBoxColorWrap.cs") state(2)
Script is not up to date after domain reload: guid(ebabb2d3bbe9f7c46a2b530cec352d6b) path("Assets/Nova/Sources/ThirdParty/ToLua/Source/Generate/Nova_RawImageControllerWrap.cs") state(2)
Script is not up to date after domain reload: guid(2ffc554843516f3408a86517e7966b9b) path("Assets/Nova/Sources/ThirdParty/ToLua/Source/Generate/Nova_URP_OnPostRenderBehaviourWrap.cs") state(2)
Script is not up to date after domain reload: guid(cf281804bbb738f4b9dff9f8ffd04fdd) path("Assets/Nova/Sources/ThirdParty/ToLua/Source/Generate/Nova_TimeAnimationPropertyWrap.cs") state(2)
Script is not up to date after domain reload: guid(ad9829b01ecdcbf46b715ba33497d8a8) path("Assets/Nova/Sources/ThirdParty/ToLua/Source/Generate/UnityEngine_UI_ImageWrap.cs") state(2)
Script is not up to date after domain reload: guid(dd24c2b70820c2a4ab545e92f59f7d41) path("Assets/Nova/Sources/ThirdParty/ToLua/Source/Generate/UnityEngine_Playables_PlayableDirectorWrap.cs") state(2)
Script is not up to date after domain reload: guid(47f0161d503c5ed429e5e49397d1e3ff) path("Assets/Nova/Sources/ThirdParty/ToLua/Source/Generate/Nova_InputHelperWrap.cs") state(2)
Script is not up to date after domain reload: guid(5ff8b26aadcb8d74aa27d7d81db91b65) path("Assets/Nova/Sources/ThirdParty/ToLua/Source/Generate/Nova_DialogueBoxController_ThemeWrap.cs") state(2)
Script is not up to date after domain reload: guid(29a6fbda9dffd0f48932bfadf2d32664) path("Assets/Nova/Sources/ThirdParty/ToLua/Source/Generate/Nova_ScriptLoaderWrap.cs") state(2)
Script is not up to date after domain reload: guid(49eb9168f00f94d4591bb69323bba181) path("Assets/Nova/Sources/ThirdParty/ToLua/Source/Generate/Nova_DialogueBoxController_DialogueUpdateModeWrap.cs") state(2)
Script is not up to date after domain reload: guid(fc05334c2c6618c46926adab35614209) path("Assets/Nova/Sources/ThirdParty/ToLua/Source/Generate/Nova_BranchModeWrap.cs") state(2)
Script is not up to date after domain reload: guid(d90bd7c1d4cdf1a4b9a383ae99f42838) path("Assets/Nova/Sources/ThirdParty/ToLua/Source/Generate/Nova_AvatarControllerWrap.cs") state(2)
Script is not up to date after domain reload: guid(29daea3c398235b4897951eb3c5e8777) path("Assets/Nova/Sources/ThirdParty/ToLua/Source/Generate/Nova_RotationAnimationPropertyWrap.cs") state(2)
Script is not up to date after domain reload: guid(aae2ce44f561e0a428fbf6c865123323) path("Assets/Nova/Sources/ThirdParty/ToLua/Source/Generate/Nova_CoroutineHelperWrap.cs") state(2)
Script is not up to date after domain reload: guid(c8b8369b746a49a4cbddb9e8c86aa9dc) path("Assets/Nova/Sources/ThirdParty/ToLua/Source/Generate/Nova_LazyComputableAnimationProperty_UnityEngine_Color_UnityEngine_ColorWrap.cs") state(2)
Script is not up to date after domain reload: guid(3e4952aef721f274cbf04eb1acc1a619) path("Assets/Nova/Sources/ThirdParty/ToLua/Source/Generate/Nova_ColorAnimationPropertyWrap.cs") state(2)
Script is not up to date after domain reload: guid(caf3610aa29ed6a4e957d60effe705a3) path("Assets/Nova/Sources/ThirdParty/ToLua/Source/Generate/Nova_DialogueActionStageWrap.cs") state(2)
Script is not up to date after domain reload: guid(e7bdc1a40832b7e48bff71be08ab7c09) path("Assets/Nova/Sources/ThirdParty/ToLua/Source/Generate/Nova_MaterialFloatAnimationPropertyWrap.cs") state(2)
Script is not up to date after domain reload: guid(af7d15093ead4f24183d0f0774930220) path("Assets/Nova/Sources/ThirdParty/ToLua/Source/Generate/Nova_AudioControllerWrap.cs") state(2)
Script is not up to date after domain reload: guid(3820a0fd15ea5e242923b9008bf62796) path("Assets/Nova/Sources/ThirdParty/ToLua/Source/Generate/Nova_VideoControllerWrap.cs") state(2)
Script is not up to date after domain reload: guid(ce9d1f60852e08f45a78198a75355501) path("Assets/Nova/Sources/ThirdParty/ToLua/Source/Generate/Nova_VariablesWrap.cs") state(2)
Script is not up to date after domain reload: guid(470f058369074914e9357c77047a786c) path("Assets/Nova/Sources/ThirdParty/ToLua/Source/Generate/UnityEngine_ComponentWrap.cs") state(2)
Script is not up to date after domain reload: guid(8ad290d287f80ec45b9de4ebbbbe6990) path("Assets/Nova/Sources/ThirdParty/ToLua/Source/Generate/UnityEngine_Texture2DWrap.cs") state(2)
Script is not up to date after domain reload: guid(ed36030c676f3c3499bcca9fd9536d06) path("Assets/Nova/Sources/ThirdParty/ToLua/Source/Generate/Nova_LazyComputableAnimationProperty_UnityEngine_Vector4_UnityEngine_Vector4Wrap.cs") state(2)
Script is not up to date after domain reload: guid(586e09820d8637d49823ba9cdf9a0e57) path("Assets/Nova/Sources/ThirdParty/ToLua/Source/Generate/Nova_CompositeSpriteControllerWrap.cs") state(2)
Script is not up to date after domain reload: guid(bac529919d2144e4abb7949e739891ff) path("Assets/Nova/Sources/ThirdParty/ToLua/Source/Generate/Nova_SelectionListWrap.cs") state(2)
Script is not up to date after domain reload: guid(2bae121c9023e9045a274f9b0cea71a1) path("Assets/Nova/Sources/ThirdParty/ToLua/Source/Generate/Nova_AssetCacheTypeWrap.cs") state(2)
Script is not up to date after domain reload: guid(1a3b563e5a2b7d74c92c4f210c400978) path("Assets/Nova/Sources/ThirdParty/ToLua/Source/Generate/Nova_ExecutionContextWrap.cs") state(2)
Script is not up to date after domain reload: guid(c805d8b782d5bd94c8e8e7e58d8f05bc) path("Assets/Nova/Sources/ThirdParty/ToLua/Source/Generate/Nova_PositionAnimationPropertyWrap.cs") state(2)
Script is not up to date after domain reload: guid(2876bbc3c04fdef4ca859eeae1915d34) path("Assets/Nova/Sources/ThirdParty/ToLua/Source/Generate/Nova_GameCharacterControllerWrap.cs") state(2)
Refreshing native plugins compatible for Editor in 0.68 ms, found 1 plugins.
Preloading 0 native plugins for Editor in 0.00 ms.
Unloading 2862 Unused Serialized files (Serialized files now loaded: 0)
System memory in use before: 142.2 MB.
System memory in use after: 142.4 MB.

Unloading 71 unused Assets to reduce memory usage. Loaded Objects now: 3683.
Total: 3.364600 ms (FindLiveObjects: 0.275100 ms CreateObjectMapping: 0.099900 ms MarkObjects: 2.925100 ms  DeleteObjects: 0.063700 ms)

AssetImportParameters requested are different than current active one (requested -> active):
  custom:framework-win-MediaFoundation: 216162199b28c13a410421893ffa2e32 -> 
  custom:video-decoder-ogg-theora: a1e56fd34408186e4bbccfd4996cb3dc -> 
  custom:container-muxer-webm: aa71ff27fc2769a1b78a27578f13a17b -> 
  custom:container-demuxer-webm: 4f35f7cbe854078d1ac9338744f61a02 -> 
  custom:container-demuxer-ogg: 62fdf1f143b41e24485cea50d1cbac27 -> 
  custom:video-encoder-webm-vp8: eb34c28f22e8b96e1ab97ce403110664 -> 
  custom:video-codec-MediaFoundation-h265: 746d11721c4dcdbdad8f713fa42b33f4 -> 
  custom:video-decoder-webm-vp8: 9c59270c3fd7afecdb556c50c9e8de78 -> 
  custom:audio-decoder-ogg-vorbis: bf7c407c2cedff20999df2af8eb42d56 -> 
  custom:audio-encoder-webm-vorbis: bf7c407c2cedff20999df2af8eb42d56 -> 
========================================================================
Received Prepare
Registering precompiled user dll's ...
Registered in 0.002580 seconds.
Begin MonoManager ReloadAssembly
Native extension for WindowsStandalone target not found
Refreshing native plugins compatible for Editor in 0.65 ms, found 1 plugins.
Preloading 0 native plugins for Editor in 0.00 ms.
NovaForwardRenderer is missing RendererFeatures
This could be due to missing scripts or compile error.
UnityEngine.StackTraceUtility:ExtractStackTrace ()
UnityEngine.DebugLogHandler:LogFormat (UnityEngine.LogType,UnityEngine.Object,string,object[])
UnityEngine.Logger:Log (UnityEngine.LogType,object,UnityEngine.Object)
UnityEngine.Debug:LogError (object,UnityEngine.Object)
UnityEngine.Rendering.Universal.ScriptableRendererData:ValidateRendererFeatures () (at Library/PackageCache/com.unity.render-pipelines.universal@10.10.1/Runtime/ScriptableRendererData.cs:135)
UnityEngine.Rendering.Universal.ScriptableRendererData:OnValidate () (at Library/PackageCache/com.unity.render-pipelines.universal@10.10.1/Runtime/ScriptableRendererData.cs:59)

(Filename: Library/PackageCache/com.unity.render-pipelines.universal@10.10.1/Runtime/ScriptableRendererData.cs Line: 135)

Mono: successfully reloaded assembly
- Completed reload, in  0.879 seconds
Domain Reload Profiling:
	ReloadAssembly (880ms)
		BeginReloadAssembly (84ms)
			ExecutionOrderSort (0ms)
			DisableScriptedObjects (4ms)
			BackupInstance (0ms)
			ReleaseScriptingObjects (0ms)
			CreateAndSetChildDomain (25ms)
		EndReloadAssembly (753ms)
			LoadAssemblies (66ms)
			RebuildTransferFunctionScriptingTraits (0ms)
			SetupTypeCache (192ms)
			ReleaseScriptCaches (1ms)
			RebuildScriptCaches (28ms)
			SetupLoadedEditorAssemblies (367ms)
				LogAssemblyErrors (0ms)
				InitializePlatformSupportModulesInManaged (3ms)
				SetLoadedEditorAssemblies (1ms)
				RefreshPlugins (1ms)
				BeforeProcessingInitializeOnLoad (37ms)
				ProcessInitializeOnLoadAttributes (316ms)
				ProcessInitializeOnLoadMethodAttributes (8ms)
				AfterProcessingInitializeOnLoad (1ms)
				EditorAssembliesLoaded (0ms)
			ExecutionOrderSort2 (0ms)
			AwakeInstancesAfterBackupRestoration (13ms)
Platform modules already initialized, skipping
Refreshing native plugins compatible for Editor in 0.63 ms, found 1 plugins.
Preloading 0 native plugins for Editor in 0.00 ms.
Unloading 2961 Unused Serialized files (Serialized files now loaded: 0)
System memory in use before: 144.2 MB.
System memory in use after: 144.4 MB.

Unloading 19 unused Assets to reduce memory usage. Loaded Objects now: 3738.
Total: 2.899500 ms (FindLiveObjects: 0.261200 ms CreateObjectMapping: 0.086000 ms MarkObjects: 2.514500 ms  DeleteObjects: 0.036900 ms)

AssetImportParameters requested are different than current active one (requested -> active):
  custom:framework-win-MediaFoundation: 216162199b28c13a410421893ffa2e32 -> 
  custom:video-decoder-ogg-theora: a1e56fd34408186e4bbccfd4996cb3dc -> 
  custom:container-muxer-webm: aa71ff27fc2769a1b78a27578f13a17b -> 
  custom:container-demuxer-webm: 4f35f7cbe854078d1ac9338744f61a02 -> 
  custom:container-demuxer-ogg: 62fdf1f143b41e24485cea50d1cbac27 -> 
  custom:video-encoder-webm-vp8: eb34c28f22e8b96e1ab97ce403110664 -> 
  custom:video-codec-MediaFoundation-h265: 746d11721c4dcdbdad8f713fa42b33f4 -> 
  custom:video-decoder-webm-vp8: 9c59270c3fd7afecdb556c50c9e8de78 -> 
  custom:audio-decoder-ogg-vorbis: bf7c407c2cedff20999df2af8eb42d56 -> 
  custom:audio-encoder-webm-vorbis: bf7c407c2cedff20999df2af8eb42d56 -> 
AssetImportWorkerClient::OnTransportError - code=2 error=End of file
